<?xml version="1.0" encoding="UTF-8"?>
<!-- Generated by org.testng.reporters.JUnitXMLReporter -->
<testsuite hostname="INMAAWN53000190" ignored="9" name="Test" tests="1" failures="0" timestamp="28 Mar 2020 07:31:06 GMT" time="130.875" errors="0">
  <testcase name="testAPIScroll" time="120.792" classname="com.testcases.APIDemosTest"/>
  <testcase name="receiveFSIHBTest" time="0.0" classname="com.testcases.ReceivePageTests">
    <ignored/>
  </testcase> <!-- receiveFSIHBTest -->
  <testcase name="@BeforeSuite beforeSuite" time="0.0" classname="com.testcases.BaseTest">
    <ignored/>
  </testcase> <!-- @BeforeSuite beforeSuite -->
  <testcase name="@BeforeSuite beforeSuite" time="0.0" classname="com.testcases.BaseTest">
    <ignored/>
  </testcase> <!-- @BeforeSuite beforeSuite -->
  <testcase name="@BeforeSuite beforeSuite" time="0.0" classname="com.testcases.BaseTest">
    <ignored/>
  </testcase> <!-- @BeforeSuite beforeSuite -->
  <testcase name="loginTest" time="0.0" classname="com.testcases.LoginTests">
    <ignored/>
  </testcase> <!-- loginTest -->
  <testcase name="testAPIDemo" time="0.0" classname="com.testcases.APIDemosTest">
    <ignored/>
  </testcase> <!-- testAPIDemo -->
  <testcase name="@AfterSuite afterSuite" time="0.0" classname="com.testcases.BaseTest">
    <ignored/>
  </testcase> <!-- @AfterSuite afterSuite -->
  <testcase name="@AfterSuite afterSuite" time="0.0" classname="com.testcases.BaseTest">
    <ignored/>
  </testcase> <!-- @AfterSuite afterSuite -->
  <testcase name="@AfterSuite afterSuite" time="0.0" classname="com.testcases.BaseTest">
    <ignored/>
  </testcase> <!-- @AfterSuite afterSuite -->
</testsuite> <!-- Test -->
