<?xml version="1.0" encoding="UTF-8"?>
<testng-results skipped="0" failed="0" ignored="9" total="10" passed="1">
  <reporter-output>
  </reporter-output>
  <suite name="Suite" duration-ms="130875" started-at="2020-03-28T07:28:55Z" finished-at="2020-03-28T07:31:06Z">
    <groups>
    </groups>
    <test name="Test" duration-ms="130875" started-at="2020-03-28T07:28:55Z" finished-at="2020-03-28T07:31:06Z">
      <class name="com.testcases.LoginTests">
        <test-method status="PASS" signature="beforeSuite()[pri:0, instance:com.testcases.LoginTests@12468a38]" name="beforeSuite" is-config="true" duration-ms="254" started-at="2020-03-28T07:28:55Z" finished-at="2020-03-28T07:28:55Z">
          <reporter-output>
          </reporter-output>
        </test-method> <!-- beforeSuite -->
        <test-method status="PASS" signature="afterSuite()[pri:0, instance:com.testcases.LoginTests@12468a38]" name="afterSuite" is-config="true" duration-ms="3551" started-at="2020-03-28T07:31:06Z" finished-at="2020-03-28T07:31:10Z">
          <reporter-output>
          </reporter-output>
        </test-method> <!-- afterSuite -->
      </class> <!-- com.testcases.LoginTests -->
      <class name="com.testcases.APIDemosTest">
        <test-method status="PASS" signature="testAPIScroll(java.util.Hashtable)[pri:1, instance:com.testcases.APIDemosTest@1aa7ecca]" name="testAPIScroll" duration-ms="120792" started-at="2020-03-28T07:28:55Z" description="Test scroll on API demo app" finished-at="2020-03-28T07:30:56Z">
          <params>
            <param index="0">
              <value>
                <![CDATA[{width=, length=, port=8200, pieces=, udid=emulator-5554, nature=android, weight=, deviceName=Emulator, hbnumber=, TestCaseName=testAPIScroll, height=}]]>
              </value>
            </param>
          </params>
          <reporter-output>
          </reporter-output>
        </test-method> <!-- testAPIScroll -->
        <test-method status="PASS" signature="wrapUp()[pri:0, instance:com.testcases.APIDemosTest@1aa7ecca]" name="wrapUp" is-config="true" duration-ms="10002" started-at="2020-03-28T07:30:56Z" finished-at="2020-03-28T07:31:06Z">
          <reporter-output>
          </reporter-output>
        </test-method> <!-- wrapUp -->
      </class> <!-- com.testcases.APIDemosTest -->
    </test> <!-- Test -->
  </suite> <!-- Suite -->
</testng-results>
